<?xml version="1.0" encoding="UTF-8"?>
<!-- Generated by org.testng.reporters.JUnitXMLReporter -->
<testsuite ignored="0" hostname="DESKTOP-8U73BMQ" failures="0" tests="3" name="test" time="27.853" errors="0" timestamp="2022-06-21T12:04:23 IST">
  <testcase classname="ParallelTesting.Parallelmethods" name="google" time="4.276"/>
  <testcase classname="ParallelTesting.Parallelmethods" name="amazonUrl" time="9.696"/>
  <testcase classname="ParallelTesting.Parallelmethods" name="facebookurl" time="16.641"/>
</testsuite> <!-- test -->
